Windows PowerShell
Copyright (C) Microsoft Corporation. All rights reserved.

ìƒˆë¡œìš´ í¬ë¡œìŠ¤ í”Œë«í¼ PowerShell ì‚¬ìš© https://aka.ms/pscore6

PS C:\Users\08484> d:
PS D:\> cd .\workspace\
PS D:\workspace> cd .\pm-agent\
PS D:\workspace\pm-agent> D:\\workspace\\pm-agent\\.venv\\Scripts\\Activate.ps1
(.venv) PS D:\workspace\pm-agent> python -m experiments.run_experiments
[INFO] Loaded 7 RFP samples from experiments\rfp_samples

=== E1: Scope Quality ===
[PROMPT-RAG] ì„ë² ë”© í‚¤ ì—†ìŒ â†’ RAG ë¹„í™œì„±

[E1] RFP #0 ---------------------------
Traceback (most recent call last):
  File "<frozen runpy>", line 198, in _run_module_as_main
  File "<frozen runpy>", line 88, in _run_code
  File "D:\workspace\pm-agent\experiments\run_experiments.py", line 243, in <module>
    e1 = experiment_E1_scope(rfps)
  File "D:\workspace\pm-agent\experiments\run_experiments.py", line 49, in experiment_E1_scope
    scope._extract_items_with_confidence(
    ~~~~~~~~~~~~~~~~~~~~~~~~~~~~~~~~~~~~^
        rfp_text,
        ^^^^^^^^^
        confidence_threshold=0.7,
        ^^^^^^^^^^^^^^^^^^^^^^^^^
        max_attempts=2,
        ^^^^^^^^^^^^^^^
    )
    ^
TypeError: ScopeAgent._extract_items_with_confidence() got an unexpected keyword argument 'confidence_threshold'
(.venv) PS D:\workspace\pm-agent>
(.venv) PS D:\workspace\pm-agent> pip install matplotlib
Requirement already satisfied: matplotlib in d:\workspace\pm-agent\.venv\lib\site-packages (3.10.1)
Requirement already satisfied: contourpy>=1.0.1 in d:\workspace\pm-agent\.venv\lib\site-packages (from matplotlib) (1.3.3)
Requirement already satisfied: cycler>=0.10 in d:\workspace\pm-agent\.venv\lib\site-packages (from matplotlib) (0.12.1)
Requirement already satisfied: fonttools>=4.22.0 in d:\workspace\pm-agent\.venv\lib\site-packages (from matplotlib) (4.60.1)
Requirement already satisfied: kiwisolver>=1.3.1 in d:\workspace\pm-agent\.venv\lib\site-packages (from matplotlib) (1.4.9)
Requirement already satisfied: numpy>=1.23 in d:\workspace\pm-agent\.venv\lib\site-packages (from matplotlib) (2.2.6)
Requirement already satisfied: packaging>=20.0 in d:\workspace\pm-agent\.venv\lib\site-packages (from matplotlib) (24.2)
Requirement already satisfied: pillow>=8 in d:\workspace\pm-agent\.venv\lib\site-packages (from matplotlib) (11.3.0)
Requirement already satisfied: pyparsing>=2.3.1 in d:\workspace\pm-agent\.venv\lib\site-packages (from matplotlib) (3.2.5)
Requirement already satisfied: python-dateutil>=2.7 in d:\workspace\pm-agent\.venv\lib\site-packages (from matplotlib) (2.9.0.post0)
Requirement already satisfied: six>=1.5 in d:\workspace\pm-agent\.venv\lib\site-packages (from python-dateutil>=2.7->matplotlib) (1.17.0)
(.venv) PS D:\workspace\pm-agent> python -m experiments.run_experiments

============================================================
ğŸš€ PM Agent v0.9 ì •ëŸ‰ ì‹¤í—˜ ì‹œì‘
============================================================

[INFO] Loaded 7 RFP samples from experiments\rfp_samples

=== E1: Scope Quality ===
[PROMPT-RAG] ì„ë² ë”© í‚¤ ì—†ìŒ â†’ RAG ë¹„í™œì„±

[E1] RFP #0 ---------------------------
Traceback (most recent call last):
  File "<frozen runpy>", line 198, in _run_module_as_main
  File "<frozen runpy>", line 88, in _run_code
  File "D:\workspace\pm-agent\experiments\run_experiments.py", line 256, in <module>
    e1 = experiment_E1_scope(rfps)
  File "D:\workspace\pm-agent\experiments\run_experiments.py", line 53, in experiment_E1_scope
    scope._extract_items_with_confidence(
    ~~~~~~~~~~~~~~~~~~~~~~~~~~~~~~~~~~~~^
        rfp_text,
        ^^^^^^^^^
        confidence_threshold=0.7,
        ^^^^^^^^^^^^^^^^^^^^^^^^^
        max_attempts=2,
        ^^^^^^^^^^^^^^^
    )
    ^
TypeError: ScopeAgent._extract_items_with_confidence() got an unexpected keyword argument 'confidence_threshold'
(.venv) PS D:\workspace\pm-agent> python scripts/run_experiments.py
D:\workspace\pm-agent\.venv\Scripts\python.exe: can't open file 'D:\\workspace\\pm-agent\\scripts\\run_experiments.py': [Errno 2] No such file or directory
(.venv) PS D:\workspace\pm-agent>
(.venv) PS D:\workspace\pm-agent> python -m experiments.run_experiments

============================================================
ğŸš€ PM Agent v0.9 ì •ëŸ‰ ì‹¤í—˜ ì‹œì‘
============================================================

[INFO] Loaded 7 RFP samples from experiments\rfp_samples

=== E1: Scope Quality ===
[PROMPT-RAG] ì„ë² ë”© í‚¤ ì—†ìŒ â†’ RAG ë¹„í™œì„±

[E1] RFP #0 ---------------------------
>>> Loaded Deep Reasoning Pipeline v1.0
  Baseline: req=16, time=39.92s
>>> Loaded Deep Reasoning Pipeline v1.0
  Deep:     req=15, time=36.29s

[E1] RFP #1 ---------------------------
>>> Loaded Deep Reasoning Pipeline v1.0
  Baseline: req=44, time=78.38s
>>> Loaded Deep Reasoning Pipeline v1.0
  Deep:     req=24, time=41.08s

[E1] RFP #2 ---------------------------
>>> Loaded Deep Reasoning Pipeline v1.0
  Baseline: req=12, time=46.25s
>>> Loaded Deep Reasoning Pipeline v1.0
  Deep:     req=15, time=29.35s

[E1] RFP #3 ---------------------------
>>> Loaded Deep Reasoning Pipeline v1.0
  Baseline: req=22, time=46.03s
>>> Loaded Deep Reasoning Pipeline v1.0
  Deep:     req=16, time=50.18s

[E1] RFP #4 ---------------------------
>>> Loaded Deep Reasoning Pipeline v1.0
  Baseline: req=17, time=49.26s
>>> Loaded Deep Reasoning Pipeline v1.0
  Deep:     req=24, time=45.08s

[E1] RFP #5 ---------------------------
>>> Loaded Deep Reasoning Pipeline v1.0
  Baseline: req=18, time=36.49s
>>> Loaded Deep Reasoning Pipeline v1.0
  Deep:     req=18, time=40.52s

[E1] RFP #6 ---------------------------
>>> Loaded Deep Reasoning Pipeline v1.0
  Baseline: req=22, time=43.37s
>>> Loaded Deep Reasoning Pipeline v1.0
  Deep:     req=20, time=50.95s

[SUMMARY] E1 Scope Quality/Efficiency
  ì„±ê³µ ì¼€ì´ìŠ¤: 7/7
  Baseline req avg: 21.57
  Deep req avg:     18.86
  ê°œì„ ìœ¨:           -12.6%
  Baseline time avg:48.53s
  Deep time avg:    41.92s
âœ… E1 ì‹œê°í™” ì €ì¥: experiments\results\E1_visualization.png

=== E2: Schedule GoT ===
[WARN] E2: E2-0 requirements/wbs json not found, skip.
[WARN] E2: E2-1 requirements/wbs json not found, skip.
[WARN] E2: E2-2 requirements/wbs json not found, skip.
[WARN] E2: E2-3 requirements/wbs json not found, skip.
[WARN] E2: E2-4 requirements/wbs json not found, skip.
[WARN] E2: E2-5 requirements/wbs json not found, skip.
[WARN] E2: E2-6 requirements/wbs json not found, skip.
âš ï¸  E2: ì‹œê°í™”í•  ë°ì´í„° ì—†ìŒ

=== E3: Efficiency (Scope Time) ===

=== E4: End-to-End Proposal ===
[PROMPT-RAG] ì„ë² ë”© í‚¤ ì—†ìŒ â†’ RAG ë¹„í™œì„±

[E4] Project E4-0 ---------------------------
>>> Loaded Deep Reasoning Pipeline v1.0
  req=12, cost=10200000, duration=42

[E4] Project E4-1 ---------------------------
>>> Loaded Deep Reasoning Pipeline v1.0
  req=36, cost=25499999, duration=125

[E4] Project E4-2 ---------------------------
>>> Loaded Deep Reasoning Pipeline v1.0
  req=17, cost=13200000, duration=59

[E4] Project E4-3 ---------------------------
>>> Loaded Deep Reasoning Pipeline v1.0
  req=22, cost=18599999, duration=77

[E4] Project E4-4 ---------------------------
>>> Loaded Deep Reasoning Pipeline v1.0
  req=25, cost=17700000, duration=87

[E4] Project E4-5 ---------------------------
>>> Loaded Deep Reasoning Pipeline v1.0
  req=17, cost=14100000, duration=59

[E4] Project E4-6 ---------------------------
>>> Loaded Deep Reasoning Pipeline v1.0
  req=32, cost=27000000, duration=112

============================================================
PM Agent v0.9 ì‹¤í—˜ ê²°ê³¼ ìš”ì•½ ë¦¬í¬íŠ¸
============================================================

ğŸ“Š E1: Scope í’ˆì§ˆ/íš¨ìœ¨ì„±
------------------------------------------------------------
  ì„±ê³µ ì¼€ì´ìŠ¤:               7/7ê°œ
  Baseline í‰ê·  ìš”êµ¬ì‚¬í•­ ìˆ˜: 21.6ê°œ
  Deep í‰ê·  ìš”êµ¬ì‚¬í•­ ìˆ˜:     18.9ê°œ
  ê°œì„ ìœ¨:                    -12.6% ì¦ê°€

  Baseline í‰ê·  ì²˜ë¦¬ ì‹œê°„:   48.5ì´ˆ
  Deep í‰ê·  ì²˜ë¦¬ ì‹œê°„:       41.9ì´ˆ
  ì‹œê°„ ì˜¤ë²„í—¤ë“œ:             -13.6%

ğŸ“Š E4: End-to-End Proposal ìƒì„±
------------------------------------------------------------
  ì´ í”„ë¡œì íŠ¸ ìˆ˜:            7ê°œ
  í‰ê·  ìš”êµ¬ì‚¬í•­ ìˆ˜:          23.0ê°œ
  í‰ê·  ì¶”ì • ë¹„ìš©:            18,042,857ì›
  í‰ê·  ì˜ˆìƒ ê¸°ê°„:            80.1ì¼

============================================================
ğŸ¯ ë°œí‘œ í•µì‹¬ ë©”ì‹œì§€ ê²€ì¦
============================================================
âœ… 1. Agent ë¬¸ì œ ì´í•´: Baseline ëŒ€ë¹„ Deep ë°©ì‹ì´ -13% ë” ë§ì€ ìš”êµ¬ì‚¬í•­ ì¶”ì¶œ
âœ… 3. ì •ëŸ‰ì  ê²€ì¦: ì´ 7ê°œ RFP ìƒ˜í”Œë¡œ ë°˜ë³µ ì‹¤í—˜ ì™„ë£Œ


âœ… ìš”ì•½ ë¦¬í¬íŠ¸ ì €ì¥: experiments\results\SUMMARY_REPORT.txt

============================================================
âœ… ëª¨ë“  ì‹¤í—˜ ì™„ë£Œ!
ğŸ“ ê²°ê³¼ ì €ì¥ ìœ„ì¹˜: experiments\results
ğŸ“Š ìƒì„±ëœ íŒŒì¼:
  - JSON ë°ì´í„°: E1~E4.json
  - ì‹œê°í™”: E1_visualization.png, E2_visualization.png
  - ìš”ì•½ ë¦¬í¬íŠ¸: SUMMARY_REPORT.txt
============================================================
(.venv) PS D:\workspace\pm-agent> streamlit run app/main.py --server.port 8501
>>

  You can now view your Streamlit app in your browser.

  Local URL: http://localhost:8501
  Network URL: http://10.211.126.241:8501

DEBUG - API_BASE_URL: http://127.0.0.1:8001/api/v1
DEBUG - API_BASE_URL: http://127.0.0.1:8001/api/v1
DEBUG - API_BASE_URL: http://127.0.0.1:8001/api/v1
2025-11-19 11:04:05.658 Uncaught app execution
Traceback (most recent call last):
  File "D:\workspace\pm-agent\.venv\Lib\site-packages\streamlit\runtime\scriptrunner\exec_code.py", line 121, in exec_func_with_error_handling
    result = func()
  File "D:\workspace\pm-agent\.venv\Lib\site-packages\streamlit\runtime\scriptrunner\script_runner.py", line 591, in code_to_exec
    exec(code, module.__dict__)
    ~~~~^^^^^^^^^^^^^^^^^^^^^^^
  File "D:\workspace\pm-agent\app\pages\3_risk.py", line 8, in <module>
    from server.workflow.agents.risk_agent.risk_agent import RiskAgent
ModuleNotFoundError: No module named 'server'
